2024-04-30 16:21:16,370 [INFO] Activator:176 - 


2024-04-30 16:21:16,370 [INFO] Activator:177 - !SESSION log4j initialized
2024-04-30 16:21:18,244 [INFO] LogOutputStream:77 - [STDOUT_REDIRECT] 
2024-04-30 16:21:19,552 [INFO] ApplicationProperties:184 - Using Application install path: D:\Electonic\STM32CubeIDE_1.13.2\STM32CubeIDE\plugins\com.st.stm32cube.common.mx_6.11.0.202403141607
2024-04-30 16:21:19,565 [INFO] DbMcusXml:78 - Set database path to: D:\Electonic\STM32CubeIDE_1.13.2\STM32CubeIDE\plugins\com.st.stm32cube.common.mx_6.11.0.202403141607\\db\/mcu/
2024-04-30 16:21:19,566 [INFO] ApiDb:274 - Set plugin database path to: D:\Electonic\STM32CubeIDE_1.13.2\STM32CubeIDE\plugins\com.st.stm32cube.common.mx_6.11.0.202403141607\\db\/plugins/boardmanager/
2024-04-30 16:21:19,574 [WARN] ApiDb:259 - Overriding images path with different value:  => D:\Electonic\STM32CubeIDE_1.13.2\STM32CubeIDE\plugins\com.st.stm32cube.common.mx_6.11.0.202403141607\\db\/plugins/mcufinder/images/
2024-04-30 16:21:19,579 [INFO] ApiDb:250 - Set database path to: C:\Users\chanyapak\.stmcufinder\plugins\mcufinder//mcu/
2024-04-30 16:21:19,581 [INFO] DbMcusAds:125 - Set database path to: C:\Users\chanyapak\.stmcufinder\plugins\mcufinder//mcu/
2024-04-30 16:21:19,583 [INFO] CrossReferenceDbSqlite:203 - Set database path to: C:\Users\chanyapak\.stmcufinder\plugins\mcufinder//mcu/cs/
2024-04-30 16:21:19,667 [INFO] RulesReader:64 - Compatibility file has been processed (297 Rules)
2024-04-30 16:21:19,725 [INFO] DbMcusXml:78 - Set database path to: D:\Electonic\STM32CubeIDE_1.13.2\STM32CubeIDE\plugins\com.st.stm32cube.common.mx_6.11.0.202403141607\\db\/mcu/
2024-04-30 16:21:19,725 [INFO] ApiDb:274 - Set plugin database path to: D:\Electonic\STM32CubeIDE_1.13.2\STM32CubeIDE\plugins\com.st.stm32cube.common.mx_6.11.0.202403141607\\db\/plugins/boardmanager/
2024-04-30 16:21:19,725 [INFO] ApiDb:261 - Set plugin images path to: D:\Electonic\STM32CubeIDE_1.13.2\STM32CubeIDE\plugins\com.st.stm32cube.common.mx_6.11.0.202403141607\\db\/plugins/mcufinder/images/
2024-04-30 16:21:19,725 [WARN] DbFile:41 - Overriding database path with different value: C:\Users\chanyapak\.stmcufinder\plugins\mcufinder/ => C:\Users\chanyapak\.stmcufinder\plugins\mcufinder
2024-04-30 16:21:19,726 [INFO] ApiDb:250 - Set database path to: C:\Users\chanyapak\.stmcufinder\plugins\mcufinder//mcu/
2024-04-30 16:21:19,726 [WARN] DbFile:41 - Overriding database path with different value: C:\Users\chanyapak\.stmcufinder\plugins\mcufinder/ => C:\Users\chanyapak\.stmcufinder\plugins\mcufinder
2024-04-30 16:21:19,726 [INFO] DbMcusAds:125 - Set database path to: C:\Users\chanyapak\.stmcufinder\plugins\mcufinder//mcu/
2024-04-30 16:21:19,726 [WARN] DbFile:41 - Overriding database path with different value: C:\Users\chanyapak\.stmcufinder\plugins\mcufinder/ => C:\Users\chanyapak\.stmcufinder\plugins\mcufinder
2024-04-30 16:21:19,726 [WARN] DbFile:41 - Overriding database path with different value: C:\Users\chanyapak\.stmcufinder\plugins\mcufinder/ => C:\Users\chanyapak\.stmcufinder\plugins\mcufinder
2024-04-30 16:21:19,726 [INFO] CrossReferenceDbSqlite:203 - Set database path to: C:\Users\chanyapak\.stmcufinder\plugins\mcufinder//mcu/cs/
2024-04-30 16:21:19,775 [INFO] MainPanel:264 - HeapMemory: 268435456
2024-04-30 16:21:19,813 [INFO] DbMcusXml:78 - Set database path to: D:\Electonic\STM32CubeIDE_1.13.2\STM32CubeIDE\plugins\com.st.stm32cube.common.mx_6.11.0.202403141607\\db\/mcu/
2024-04-30 16:21:19,813 [INFO] ApiDb:274 - Set plugin database path to: D:\Electonic\STM32CubeIDE_1.13.2\STM32CubeIDE\plugins\com.st.stm32cube.common.mx_6.11.0.202403141607\\db\/plugins/boardmanager/
2024-04-30 16:21:19,813 [INFO] ApiDb:261 - Set plugin images path to: D:\Electonic\STM32CubeIDE_1.13.2\STM32CubeIDE\plugins\com.st.stm32cube.common.mx_6.11.0.202403141607\\db\/plugins/mcufinder/images/
2024-04-30 16:21:19,814 [WARN] DbFile:41 - Overriding database path with different value: C:\Users\chanyapak\.stmcufinder\plugins\mcufinder/ => C:\Users\chanyapak\.stmcufinder\plugins\mcufinder
2024-04-30 16:21:19,814 [INFO] ApiDb:250 - Set database path to: C:\Users\chanyapak\.stmcufinder\plugins\mcufinder//mcu/
2024-04-30 16:21:19,814 [WARN] DbFile:41 - Overriding database path with different value: C:\Users\chanyapak\.stmcufinder\plugins\mcufinder/ => C:\Users\chanyapak\.stmcufinder\plugins\mcufinder
2024-04-30 16:21:19,814 [INFO] DbMcusAds:125 - Set database path to: C:\Users\chanyapak\.stmcufinder\plugins\mcufinder//mcu/
2024-04-30 16:21:19,814 [WARN] DbFile:41 - Overriding database path with different value: C:\Users\chanyapak\.stmcufinder\plugins\mcufinder/ => C:\Users\chanyapak\.stmcufinder\plugins\mcufinder
2024-04-30 16:21:19,814 [WARN] DbFile:41 - Overriding database path with different value: C:\Users\chanyapak\.stmcufinder\plugins\mcufinder/ => C:\Users\chanyapak\.stmcufinder\plugins\mcufinder
2024-04-30 16:21:19,814 [INFO] CrossReferenceDbSqlite:203 - Set database path to: C:\Users\chanyapak\.stmcufinder\plugins\mcufinder//mcu/cs/
2024-04-30 16:21:19,824 [INFO] ApplicationProperties:184 - Using Application install path: D:\Electonic\STM32CubeIDE_1.13.2\STM32CubeIDE\plugins\com.st.stm32cube.common.mx_6.11.0.202403141607
2024-04-30 16:21:19,825 [INFO] PluginManage:196 - Search for loadable plugins [exclusion list=, ]
2024-04-30 16:21:19,825 [INFO] PluginManage:310 - Check plugin analytics
2024-04-30 16:21:19,935 [INFO] AnalyticsPlugin:253 - Accepted Software Licenses: 
2024-04-30 16:21:19,936 [INFO] AnalyticsPlugin:255 - Accepted CMSIS Pack Licenses: ARM.CMSIS.6.0.0,ARM.CMSIS-DSP.1.15.0
2024-04-30 16:21:19,936 [INFO] AnalyticsPlugin:257 - Accepted Firmware Licenses: FW.G4.1.5.0
2024-04-30 16:21:19,938 [INFO] PluginManage:359 - Loaded plugin analytics (category:tool,tabindex:-1)
2024-04-30 16:21:19,938 [INFO] PluginManage:310 - Check plugin cadmodel
2024-04-30 16:21:19,940 [INFO] CADModel:105 - Init CAD model plugin
2024-04-30 16:21:19,941 [INFO] PluginManage:359 - Loaded plugin cadmodel (category:power,tabindex:5)
2024-04-30 16:21:19,941 [INFO] PluginManage:310 - Check plugin clock
2024-04-30 16:21:19,945 [INFO] PluginManage:359 - Loaded plugin clock (category:base,tabindex:2)
2024-04-30 16:21:19,945 [INFO] PluginManage:310 - Check plugin ddr
2024-04-30 16:21:19,946 [INFO] PluginManage:359 - Loaded plugin ddr (category:tool,tabindex:6)
2024-04-30 16:21:19,947 [INFO] PluginManage:310 - Check plugin filemanager
2024-04-30 16:21:20,026 [INFO] PluginManage:359 - Loaded plugin filemanager (category:base,tabindex:10)
2024-04-30 16:21:20,026 [INFO] PluginManage:310 - Check plugin ipmanager
2024-04-30 16:21:20,046 [INFO] PluginManage:359 - Loaded plugin ipmanager (category:base,tabindex:5)
2024-04-30 16:21:20,046 [INFO] PluginManage:310 - Check plugin lpbam
2024-04-30 16:21:20,062 [INFO] PluginManage:359 - Loaded plugin lpbam (category:base,tabindex:0)
2024-04-30 16:21:20,062 [INFO] PluginManage:310 - Check plugin memorymap
2024-04-30 16:21:20,070 [INFO] PluginManage:359 - Loaded plugin memorymap (category:base,tabindex:4)
2024-04-30 16:21:20,070 [INFO] PluginManage:310 - Check plugin pinoutandconfiguration
2024-04-30 16:21:20,074 [INFO] PluginManage:359 - Loaded plugin pinoutandconfiguration (category:base,tabindex:1)
2024-04-30 16:21:20,074 [INFO] PluginManage:310 - Check plugin pinoutconfig
2024-04-30 16:21:20,128 [WARN] SupportedApi:132 - Cannot load RTOS API schema: s4s-elt-must-match.1: The content of 'definitions' must match (annotation?, (simpleType | complexType)?, (unique | key | keyref)*)). A problem was found starting at: attribute.
2024-04-30 16:21:20,205 [INFO] PluginManage:359 - Loaded plugin pinoutconfig (category:base,tabindex:0)
2024-04-30 16:21:20,205 [INFO] PluginManage:310 - Check plugin power
2024-04-30 16:21:20,209 [INFO] PluginManage:359 - Loaded plugin power (category:power,tabindex:4)
2024-04-30 16:21:20,209 [INFO] PluginManage:310 - Check plugin projectmanager
2024-04-30 16:21:20,220 [INFO] PluginManage:359 - Loaded plugin projectmanager (category:projectmanager,tabindex:3)
2024-04-30 16:21:20,220 [INFO] PluginManage:310 - Check plugin thirdparty
2024-04-30 16:21:20,300 [INFO] PluginManage:359 - Loaded plugin thirdparty (category:base,tabindex:-1)
2024-04-30 16:21:20,300 [WARN] IntegrityCheckThread:84 - waiting for thirdparty lock release [integrity check]
2024-04-30 16:21:20,300 [INFO] PluginManage:310 - Check plugin tools
2024-04-30 16:21:20,300 [INFO] IntegrityCheckThread:86 - entering critical section [integrity check]
2024-04-30 16:21:20,300 [INFO] ThirdPartyUpdaterWithRetryManager:70 - Updater plugin not ready yet. [1/15]
2024-04-30 16:21:20,302 [INFO] PluginManage:359 - Loaded plugin tools (category:base,tabindex:7)
2024-04-30 16:21:20,302 [INFO] PluginManage:310 - Check plugin tutovideos
2024-04-30 16:21:20,391 [INFO] PluginManage:359 - Loaded plugin tutovideos (category:base,tabindex:-1)
2024-04-30 16:21:20,391 [INFO] PluginManage:310 - Check plugin updater
2024-04-30 16:21:20,397 [INFO] PluginManage:359 - Loaded plugin updater (category:base,tabindex:12)
2024-04-30 16:21:20,397 [INFO] PluginManage:310 - Check plugin userauth
2024-04-30 16:21:20,400 [INFO] UserAuth:114 - Init User Auth plugin
2024-04-30 16:21:20,400 [INFO] PluginManage:359 - Loaded plugin userauth (category:base,tabindex:14)
2024-04-30 16:21:20,401 [INFO] PluginManage:283 - PluginManage : Loaded plugins [17]
2024-04-30 16:21:20,524 [INFO] PinOutPanel:1561 - setPackage(No Configuration,No Configuration)
2024-04-30 16:21:20,567 [INFO] CADModel:165 - CPN selected for project level
2024-04-30 16:21:20,567 [INFO] CADModel:114 - Register for checkConnection events
2024-04-30 16:21:20,576 [INFO] IPUIPlugin:80 - create IPUIPlugin
2024-04-30 16:21:20,576 [INFO] PluginManager:220 - loadIPPluginJar : add adc
2024-04-30 16:21:20,577 [INFO] IPUIPlugin:80 - create IPUIPlugin
2024-04-30 16:21:20,578 [INFO] PluginManager:220 - loadIPPluginJar : add aes
2024-04-30 16:21:20,579 [INFO] IPUIPlugin:80 - create IPUIPlugin
2024-04-30 16:21:20,579 [INFO] PluginManager:220 - loadIPPluginJar : add can
2024-04-30 16:21:20,579 [INFO] IPUIPlugin:80 - create IPUIPlugin
2024-04-30 16:21:20,580 [INFO] PluginManager:220 - loadIPPluginJar : add comp
2024-04-30 16:21:20,581 [INFO] IPUIPlugin:80 - create IPUIPlugin
2024-04-30 16:21:20,581 [INFO] PluginManager:220 - loadIPPluginJar : add cryp
2024-04-30 16:21:20,582 [INFO] IPUIPlugin:80 - create IPUIPlugin
2024-04-30 16:21:20,582 [INFO] PluginManager:220 - loadIPPluginJar : add dfsdm
2024-04-30 16:21:20,585 [INFO] IPUIPlugin:80 - create IPUIPlugin
2024-04-30 16:21:20,585 [INFO] PluginManager:220 - loadIPPluginJar : add dma
2024-04-30 16:21:20,586 [INFO] IPUIPlugin:80 - create IPUIPlugin
2024-04-30 16:21:20,586 [INFO] PluginManager:220 - loadIPPluginJar : add dma3
2024-04-30 16:21:20,587 [INFO] IPUIPlugin:80 - create IPUIPlugin
2024-04-30 16:21:20,587 [INFO] PluginManager:220 - loadIPPluginJar : add extmemmanager
2024-04-30 16:21:20,588 [INFO] IPUIPlugin:80 - create IPUIPlugin
2024-04-30 16:21:20,588 [INFO] PluginManager:220 - loadIPPluginJar : add fatfs
2024-04-30 16:21:20,590 [INFO] IPUIPlugin:80 - create IPUIPlugin
2024-04-30 16:21:20,590 [INFO] PluginManager:220 - loadIPPluginJar : add fmc
2024-04-30 16:21:20,593 [INFO] IPUIPlugin:80 - create IPUIPlugin
2024-04-30 16:21:20,593 [INFO] PluginManager:220 - loadIPPluginJar : add freertos
2024-04-30 16:21:20,593 [INFO] IPUIPlugin:80 - create IPUIPlugin
2024-04-30 16:21:20,594 [INFO] PluginManager:220 - loadIPPluginJar : add genericplugin
2024-04-30 16:21:20,594 [INFO] IPUIPlugin:80 - create IPUIPlugin
2024-04-30 16:21:20,595 [INFO] PluginManager:220 - loadIPPluginJar : add gfxmmu
2024-04-30 16:21:20,597 [INFO] IPUIPlugin:80 - create IPUIPlugin
2024-04-30 16:21:20,597 [INFO] PluginManager:220 - loadIPPluginJar : add gic
2024-04-30 16:21:20,599 [INFO] IPUIPlugin:80 - create IPUIPlugin
2024-04-30 16:21:20,599 [INFO] PluginManager:220 - loadIPPluginJar : add gpio
2024-04-30 16:21:20,600 [INFO] IPUIPlugin:80 - create IPUIPlugin
2024-04-30 16:21:20,600 [INFO] PluginManager:220 - loadIPPluginJar : add gtzc
2024-04-30 16:21:20,601 [INFO] IPUIPlugin:80 - create IPUIPlugin
2024-04-30 16:21:20,601 [INFO] PluginManager:220 - loadIPPluginJar : add hash
2024-04-30 16:21:20,602 [INFO] IPUIPlugin:80 - create IPUIPlugin
2024-04-30 16:21:20,602 [INFO] PluginManager:220 - loadIPPluginJar : add i2c
2024-04-30 16:21:20,603 [INFO] IPUIPlugin:80 - create IPUIPlugin
2024-04-30 16:21:20,603 [INFO] PluginManager:220 - loadIPPluginJar : add i2s
2024-04-30 16:21:20,604 [INFO] IPUIPlugin:80 - create IPUIPlugin
2024-04-30 16:21:20,604 [INFO] PluginManager:220 - loadIPPluginJar : add i3c
2024-04-30 16:21:20,606 [INFO] IPUIPlugin:80 - create IPUIPlugin
2024-04-30 16:21:20,606 [INFO] PluginManager:220 - loadIPPluginJar : add ipddr
2024-04-30 16:21:20,609 [INFO] IPUIPlugin:80 - create IPUIPlugin
2024-04-30 16:21:20,609 [INFO] PluginManager:220 - loadIPPluginJar : add linkedlist
2024-04-30 16:21:20,610 [INFO] IPUIPlugin:80 - create IPUIPlugin
2024-04-30 16:21:20,611 [INFO] PluginManager:220 - loadIPPluginJar : add lorawan
2024-04-30 16:21:20,611 [INFO] IPUIPlugin:80 - create IPUIPlugin
2024-04-30 16:21:20,612 [INFO] PluginManager:220 - loadIPPluginJar : add ltdc
2024-04-30 16:21:20,615 [INFO] IPUIPlugin:80 - create IPUIPlugin
2024-04-30 16:21:20,615 [INFO] PluginManager:220 - loadIPPluginJar : add mdma
2024-04-30 16:21:20,616 [INFO] IPUIPlugin:80 - create IPUIPlugin
2024-04-30 16:21:20,616 [INFO] PluginManager:220 - loadIPPluginJar : add nvic
2024-04-30 16:21:20,617 [INFO] IPUIPlugin:80 - create IPUIPlugin
2024-04-30 16:21:20,617 [INFO] PluginManager:220 - loadIPPluginJar : add opamp
2024-04-30 16:21:20,618 [INFO] IPUIPlugin:80 - create IPUIPlugin
2024-04-30 16:21:20,619 [INFO] PluginManager:220 - loadIPPluginJar : add openamp
2024-04-30 16:21:20,619 [INFO] IPUIPlugin:80 - create IPUIPlugin
2024-04-30 16:21:20,619 [INFO] PluginManager:220 - loadIPPluginJar : add pdm2pcm
2024-04-30 16:21:20,622 [INFO] IPUIPlugin:80 - create IPUIPlugin
2024-04-30 16:21:20,624 [INFO] PluginManager:220 - loadIPPluginJar : add plateformsettings
2024-04-30 16:21:20,624 [INFO] IPUIPlugin:80 - create IPUIPlugin
2024-04-30 16:21:20,624 [INFO] PluginManager:220 - loadIPPluginJar : add quadspi
2024-04-30 16:21:20,625 [INFO] IPUIPlugin:80 - create IPUIPlugin
2024-04-30 16:21:20,626 [INFO] PluginManager:220 - loadIPPluginJar : add resmgrutility
2024-04-30 16:21:20,627 [INFO] IPUIPlugin:80 - create IPUIPlugin
2024-04-30 16:21:20,627 [INFO] PluginManager:220 - loadIPPluginJar : add sai
2024-04-30 16:21:20,628 [INFO] IPUIPlugin:80 - create IPUIPlugin
2024-04-30 16:21:20,628 [INFO] PluginManager:220 - loadIPPluginJar : add spi
2024-04-30 16:21:20,631 [INFO] IPUIPlugin:80 - create IPUIPlugin
2024-04-30 16:21:20,631 [INFO] PluginManager:220 - loadIPPluginJar : add stm32_wpan
2024-04-30 16:21:20,631 [INFO] IPUIPlugin:80 - create IPUIPlugin
2024-04-30 16:21:20,631 [INFO] PluginManager:220 - loadIPPluginJar : add tim
2024-04-30 16:21:20,633 [INFO] IPUIPlugin:80 - create IPUIPlugin
2024-04-30 16:21:20,633 [INFO] PluginManager:220 - loadIPPluginJar : add touchsensing
2024-04-30 16:21:20,634 [INFO] IPUIPlugin:80 - create IPUIPlugin
2024-04-30 16:21:20,634 [INFO] PluginManager:220 - loadIPPluginJar : add tracer_emb
2024-04-30 16:21:20,635 [INFO] IPUIPlugin:80 - create IPUIPlugin
2024-04-30 16:21:20,635 [INFO] PluginManager:220 - loadIPPluginJar : add ts
2024-04-30 16:21:20,635 [INFO] IPUIPlugin:80 - create IPUIPlugin
2024-04-30 16:21:20,635 [INFO] PluginManager:220 - loadIPPluginJar : add tsc
2024-04-30 16:21:20,637 [INFO] IPUIPlugin:80 - create IPUIPlugin
2024-04-30 16:21:20,638 [INFO] PluginManager:220 - loadIPPluginJar : add ucpd
2024-04-30 16:21:20,639 [INFO] IPUIPlugin:80 - create IPUIPlugin
2024-04-30 16:21:20,639 [INFO] PluginManager:220 - loadIPPluginJar : add usart
2024-04-30 16:21:20,640 [INFO] IPUIPlugin:80 - create IPUIPlugin
2024-04-30 16:21:20,640 [INFO] PluginManager:220 - loadIPPluginJar : add usbx
2024-04-30 16:21:20,748 [INFO] CADModel:165 - CPN selected for project level
2024-04-30 16:21:20,748 [INFO] CADModel:114 - Register for checkConnection events
2024-04-30 16:21:20,749 [FATAL] Updater:308 - Updater called before beeing initialized
2024-04-30 16:21:20,749 [ERROR] CADModel:125 - Updater not yet initialized, retry later 
2024-04-30 16:21:20,828 [INFO] CADModel:165 - CPN selected for project level
2024-04-30 16:21:20,828 [INFO] CADModel:114 - Register for checkConnection events
2024-04-30 16:21:20,828 [FATAL] Updater:308 - Updater called before beeing initialized
2024-04-30 16:21:20,829 [ERROR] CADModel:125 - Updater not yet initialized, retry later 
2024-04-30 16:21:20,831 [FATAL] Updater:308 - Updater called before beeing initialized
2024-04-30 16:21:20,891 [FATAL] Updater:308 - Updater called before beeing initialized
2024-04-30 16:21:20,894 [INFO] DbMcusAds:53 - JSON generation date=Wed Nov 29 17:52:27 ICT 2023 (1701255147349)
2024-04-30 16:21:20,894 [FATAL] Updater:308 - Updater called before beeing initialized
2024-04-30 16:21:20,913 [WARN] DetailPanel:346 - Failed to get advertising image, set to default
2024-04-30 16:21:20,967 [FATAL] Updater:308 - Updater called before beeing initialized
2024-04-30 16:21:20,968 [FATAL] Updater:308 - Updater called before beeing initialized
2024-04-30 16:21:20,968 [FATAL] Updater:308 - Updater called before beeing initialized
2024-04-30 16:21:20,968 [WARN] DetailPanel:346 - Failed to get advertising image, set to default
2024-04-30 16:21:20,968 [FATAL] Updater:308 - Updater called before beeing initialized
2024-04-30 16:21:20,994 [ERROR] Updater:1120 - MainUpdater not yet initialized. External WinMGr cannot be set.
2024-04-30 16:21:20,995 [INFO] Updater:1056 - Updater Version found : 6.11.0
2024-04-30 16:21:21,006 [INFO] ApplicationProperties:184 - Using Application install path: D:\Electonic\STM32CubeIDE_1.13.2\STM32CubeIDE\plugins\com.st.stm32cube.common.mx_6.11.0.202403141607
2024-04-30 16:21:22,571 [ERROR] LogOutputStream:75 - [STDERR_REDIRECT] Apr 30, 2024 4:21:22 PM java.util.prefs.WindowsPreferences <init>
2024-04-30 16:21:22,572 [ERROR] LogOutputStream:75 - [STDERR_REDIRECT] WARNING: Could not open/create prefs root node Software\JavaSoft\Prefs at root 0xffffffff80000002. Windows RegCreateKeyEx(...) returned error code 5.
2024-04-30 16:21:22,572 [ERROR] LogOutputStream:75 - [STDERR_REDIRECT] 
2024-04-30 16:21:23,051 [INFO] MainUpdater:2873 - connection check result : 10
2024-04-30 16:21:23,052 [INFO] MainUpdater:290 - Updater Check For Update Now.
2024-04-30 16:21:23,052 [INFO] MicroXplorer:498 - Change Database Version : DB.6.0.110
2024-04-30 16:21:23,059 [INFO] McuFinderGlobals:63 - Set McuFinder mode to 2 (CubeIDE integrated)
2024-04-30 16:21:23,069 [INFO] UserAuth:415 - Internet connection configuration mode: 1
2024-04-30 16:21:23,102 [INFO] JxBrowserEngine:152 - Initiate JxBrowser Engine with user profile folder
2024-04-30 16:21:23,220 [INFO] CheckServerUpdateThread:120 - End of CheckServer Thread
2024-04-30 16:21:23,428 [WARN] PackLoader:240 - Cannot read IP mode file for STMicroelectronics.FP-SNS-MOTENVWB1.1.4.0
2024-04-30 16:21:23,446 [WARN] PackLoader:240 - Cannot read IP mode file for STMicroelectronics.X-CUBE-SMBUS.2.1.0
2024-04-30 16:21:23,450 [WARN] PackLoader:240 - Cannot read IP mode file for STMicroelectronics.X-CUBE-TOUCHGFX.4.23.0
2024-04-30 16:21:23,453 [WARN] PackLoader:240 - Cannot read IP mode file for STMicroelectronics.X-CUBE-TOUCHGFX.4.23.2
2024-04-30 16:21:23,490 [WARN] PackLoader:240 - Cannot read IP mode file for STMicroelectronics.X-CUBE-AZRTOS-F7.1.1.0
2024-04-30 16:21:23,505 [WARN] PackLoader:240 - Cannot read IP mode file for STMicroelectronics.FP-SNS-MOTENV1.4.3.2
2024-04-30 16:21:23,512 [WARN] PackLoader:240 - Cannot read IP mode file for STMicroelectronics.FP-SNS-FLIGHT1.5.0.2
2024-04-30 16:21:23,521 [WARN] PackLoader:240 - Cannot read IP mode file for STMicroelectronics.X-CUBE-DISPLAY.3.0.0
2024-04-30 16:21:23,538 [WARN] PackLoader:240 - Cannot read IP mode file for STMicroelectronics.X-CUBE-BLE1.7.0.0
2024-04-30 16:21:23,544 [WARN] PackLoader:240 - Cannot read IP mode file for emotas.I-CUBE-CANOPEN.1.3.0
2024-04-30 16:21:23,547 [WARN] PackLoader:240 - Cannot read IP mode file for STMicroelectronics.X-CUBE-TOUCHGFX.4.22.1
2024-04-30 16:21:23,556 [WARN] PackLoader:240 - Cannot read IP mode file for STMicroelectronics.X-CUBE-BLEMGR.3.1.0
2024-04-30 16:21:23,563 [WARN] PackLoader:240 - Cannot read IP mode file for STMicroelectronics.FP-SNS-SMARTAG2.1.2.0
2024-04-30 16:21:23,570 [INFO] LogOutputStream:77 - [STDOUT_REDIRECT] 1 : Invalid condition id : UX_CORESTACK_Condition cause : null
2024-04-30 16:21:23,571 [INFO] LogOutputStream:77 - [STDOUT_REDIRECT] 1 : Invalid condition id : UX_CORESTACK_Condition cause : null
2024-04-30 16:21:23,572 [INFO] LogOutputStream:77 - [STDOUT_REDIRECT] 1 : Invalid condition id : UX_CORESTACK_Condition cause : null
2024-04-30 16:21:23,574 [INFO] LogOutputStream:77 - [STDOUT_REDIRECT] 1 : Invalid condition id : UX_CORESTACK_Condition cause : null
2024-04-30 16:21:23,575 [INFO] LogOutputStream:77 - [STDOUT_REDIRECT] 1 : Invalid condition id : UX_CORESTACK_Condition cause : null
2024-04-30 16:21:23,579 [WARN] PackLoader:240 - Cannot read IP mode file for STMicroelectronics.X-CUBE-AZRTOS-WL.2.0.0
2024-04-30 16:21:23,583 [WARN] PackLoader:240 - Cannot read IP mode file for STMicroelectronics.FP-SNS-MOTENV1.5.0.0
2024-04-30 16:21:23,594 [WARN] PackLoader:240 - Cannot read IP mode file for WES.I-CUBE-Cesium.1.3.0
2024-04-30 16:21:23,599 [WARN] PackLoader:240 - Cannot read IP mode file for STMicroelectronics.X-CUBE-BLE2.3.3.0
2024-04-30 16:21:23,603 [WARN] PackLoader:240 - Cannot read IP mode file for STMicroelectronics.X-CUBE-TCPP.4.1.0
2024-04-30 16:21:23,610 [WARN] PackLoader:240 - Cannot read IP mode file for STMicroelectronics.X-CUBE-ALGOBUILD.1.3.0
2024-04-30 16:21:23,624 [WARN] PackLoader:240 - Cannot read IP mode file for STMicroelectronics.X-CUBE-AZRTOS-G0.1.1.0
2024-04-30 16:21:23,631 [WARN] PackLoader:240 - Cannot read IP mode file for STMicroelectronics.X-CUBE-SAFEA1.1.2.2
2024-04-30 16:21:23,641 [WARN] PackLoader:240 - Cannot read IP mode file for STMicroelectronics.X-CUBE-NFC4.3.0.0
2024-04-30 16:21:23,650 [WARN] PackLoader:240 - Cannot read IP mode file for STMicroelectronics.X-CUBE-BLEMGR.3.0.0
2024-04-30 16:21:23,655 [WARN] PackLoader:240 - Cannot read IP mode file for STMicroelectronics.FP-ATR-SIGFOX1.3.2.0
2024-04-30 16:21:23,659 [WARN] PackLoader:240 - Cannot read IP mode file for STMicroelectronics.X-CUBE-EEPRMA1.5.1.0
2024-04-30 16:21:23,691 [WARN] PackLoader:240 - Cannot read IP mode file for SEGGER.I-CUBE-embOS.1.3.1
2024-04-30 16:21:23,719 [WARN] PackLoader:240 - Cannot read IP mode file for STMicroelectronics.X-CUBE-GNSS1.6.0.0
2024-04-30 16:21:23,729 [WARN] PackLoader:240 - Cannot read IP mode file for STMicroelectronics.X-CUBE-AZRTOS-F4.1.1.0
2024-04-30 16:21:23,735 [WARN] PackLoader:240 - Cannot read IP mode file for wolfSSL.I-CUBE-wolfSSL.5.6.3
2024-04-30 16:21:23,739 [WARN] PackLoader:240 - Cannot read IP mode file for STMicroelectronics.X-CUBE-FREERTOS.1.2.0
2024-04-30 16:21:23,751 [WARN] PackLoader:240 - Cannot read IP mode file for STMicroelectronics.X-CUBE-AZRTOS-L5.2.0.0
2024-04-30 16:21:23,756 [WARN] PackLoader:240 - Cannot read IP mode file for STMicroelectronics.X-CUBE-EEPRMA1.4.2.0
2024-04-30 16:21:23,762 [WARN] PackLoader:240 - Cannot read IP mode file for STMicroelectronics.X-CUBE-NFC6.3.1.0
2024-04-30 16:21:23,767 [WARN] PackLoader:240 - Cannot read IP mode file for ITTIA_DB.I-CUBE-ITTIADB.8.8.0
2024-04-30 16:21:23,804 [WARN] PackLoader:240 - Cannot read IP mode file for STMicroelectronics.X-CUBE-BLEMGR.2.0.0
2024-04-30 16:21:23,807 [WARN] PackLoader:240 - Cannot read IP mode file for STMicroelectronics.X-CUBE-AI.9.0.0
2024-04-30 16:21:23,822 [WARN] ConditionMgr:438 - getConditionDescription Invalid condition id : UX DEVICE CLASS RTOS Condition cause : null
2024-04-30 16:21:23,822 [WARN] ConditionMgr:438 - getConditionDescription Invalid condition id : UX DEVICE CLASS RTOS Condition cause : null
2024-04-30 16:21:23,824 [WARN] PackLoader:240 - Cannot read IP mode file for STMicroelectronics.X-CUBE-AZRTOS-H7.3.1.0
2024-04-30 16:21:23,825 [WARN] ConditionMgr:1039 - genDependencies : Invalid condition id : UX DEVICE CLASS RTOS Condition cause : null
2024-04-30 16:21:23,825 [WARN] ConditionMgr:1039 - genDependencies : Invalid condition id : UX DEVICE CLASS RTOS Condition cause : null
2024-04-30 16:21:23,825 [WARN] ConditionMgr:1039 - genDependencies : Invalid condition id : UX DEVICE CLASS RTOS Condition cause : null
2024-04-30 16:21:23,825 [WARN] ConditionMgr:1039 - genDependencies : Invalid condition id : UX DEVICE CLASS RTOS Condition cause : null
2024-04-30 16:21:23,825 [WARN] ConditionMgr:1039 - genDependencies : Invalid condition id : UX DEVICE CLASS RTOS Condition cause : null
2024-04-30 16:21:23,829 [WARN] PackLoader:240 - Cannot read IP mode file for STMicroelectronics.X-CUBE-NFC7.1.0.1
2024-04-30 16:21:23,832 [WARN] PackLoader:240 - Cannot read IP mode file for STMicroelectronics.X-CUBE-NFC6.3.0.0
2024-04-30 16:21:23,837 [WARN] PackLoader:240 - Cannot read IP mode file for STMicroelectronics.X-CUBE-EEPRMA1.4.1.0
2024-04-30 16:21:23,839 [WARN] PackLoader:240 - Cannot read IP mode file for STMicroelectronics.X-CUBE-AI.8.1.0
2024-04-30 16:21:23,848 [WARN] ConditionMgr:438 - getConditionDescription Invalid condition id : LAN8742 Phy interface Condition cause : null
2024-04-30 16:21:23,848 [WARN] PackLoader:240 - Cannot read IP mode file for STMicroelectronics.X-CUBE-AZRTOS-L4.2.0.0
2024-04-30 16:21:23,849 [WARN] ConditionMgr:1039 - genDependencies : Invalid condition id : LAN8742 Phy interface Condition cause : null
2024-04-30 16:21:23,849 [WARN] ConditionMgr:1039 - genDependencies : Invalid condition id : LAN8742 Phy interface Condition cause : null
2024-04-30 16:21:23,850 [WARN] ConditionMgr:1039 - genDependencies : Invalid condition id : LAN8742 Phy interface Condition cause : null
2024-04-30 16:21:23,881 [WARN] PackLoader:240 - Cannot read IP mode file for STMicroelectronics.X-CUBE-SFXS2LP1.4.0.0
2024-04-30 16:21:23,885 [WARN] PackLoader:240 - Cannot read IP mode file for STMicroelectronics.X-CUBE-ISPU.1.1.0
2024-04-30 16:21:23,891 [WARN] ConditionMgr:438 - getConditionDescription Invalid condition id : UX DEVICE CLASS RTOS Condition cause : null
2024-04-30 16:21:23,891 [WARN] ConditionMgr:438 - getConditionDescription Invalid condition id : UX DEVICE CLASS RTOS Condition cause : null
2024-04-30 16:21:23,892 [WARN] PackLoader:240 - Cannot read IP mode file for STMicroelectronics.X-CUBE-AZRTOS-WB.2.0.0
2024-04-30 16:21:23,892 [WARN] ConditionMgr:1039 - genDependencies : Invalid condition id : UX DEVICE CLASS RTOS Condition cause : null
2024-04-30 16:21:23,892 [WARN] ConditionMgr:1039 - genDependencies : Invalid condition id : UX DEVICE CLASS RTOS Condition cause : null
2024-04-30 16:21:23,892 [WARN] ConditionMgr:1039 - genDependencies : Invalid condition id : UX DEVICE CLASS RTOS Condition cause : null
2024-04-30 16:21:23,893 [WARN] ConditionMgr:1039 - genDependencies : Invalid condition id : UX DEVICE CLASS RTOS Condition cause : null
2024-04-30 16:21:23,893 [WARN] ConditionMgr:1039 - genDependencies : Invalid condition id : UX DEVICE CLASS RTOS Condition cause : null
2024-04-30 16:21:23,899 [WARN] PackLoader:240 - Cannot read IP mode file for STMicroelectronics.X-CUBE-SUBG2.5.0.0
2024-04-30 16:21:23,906 [WARN] PackLoader:240 - Cannot read IP mode file for STMicroelectronics.X-CUBE-TOF1.3.3.1
2024-04-30 16:21:23,917 [WARN] PackLoader:240 - Cannot read IP mode file for STMicroelectronics.X-CUBE-AZRTOS-G4.2.0.0
2024-04-30 16:21:23,923 [WARN] PackLoader:240 - Cannot read IP mode file for Infineon.AIROC-Wi-Fi-Bluetooth-STM32.1.5.1
2024-04-30 16:21:23,929 [WARN] PackLoader:240 - Cannot read IP mode file for STMicroelectronics.FP-SNS-MOTENVWB1.1.3.0
2024-04-30 16:21:23,931 [WARN] PackLoader:240 - Cannot read IP mode file for STMicroelectronics.FP-SNS-MOTENVWB1.1.3.1
2024-04-30 16:21:23,933 [WARN] PackLoader:240 - Cannot read IP mode file for STMicroelectronics.X-CUBE-ISPU.2.0.0
2024-04-30 16:21:23,957 [WARN] PackLoader:240 - Cannot read IP mode file for STMicroelectronics.X-CUBE-MEMS1.10.0.0
2024-04-30 16:21:24,020 [WARN] PackLoader:240 - Cannot read IP mode file for STMicroelectronics.X-CUBE-FREERTOS.1.1.0
2024-04-30 16:21:24,023 [WARN] PackLoader:240 - Cannot read IP mode file for portGmbH.I-Cube-SoM-uGOAL.1.1.0
2024-04-30 16:21:24,026 [WARN] PackLoader:240 - Cannot read IP mode file for STMicroelectronics.X-CUBE-ALS.1.0.1
2024-04-30 16:21:24,034 [WARN] PackLoader:240 - Cannot read IP mode file for STMicroelectronics.X-CUBE-AZRTOS-H7RS.1.0.0
2024-04-30 16:21:24,038 [WARN] PackLoader:240 - Cannot read IP mode file for STMicroelectronics.FP-ATR-ASTRA1.2.0.0
2024-04-30 16:21:24,044 [WARN] PackLoader:240 - Cannot read IP mode file for STMicroelectronics.X-CUBE-TOF1.3.4.0
2024-04-30 16:21:24,060 [WARN] PackLoader:240 - Cannot read IP mode file for STMicroelectronics.X-CUBE-TOF1.3.4.1
2024-04-30 16:21:24,075 [WARN] PackLoader:240 - Cannot read IP mode file for STMicroelectronics.X-CUBE-AZRTOS-H7.3.2.0
2024-04-30 16:21:24,077 [INFO] ThirdParty:978 - Integrity check success = true
2024-04-30 16:21:24,077 [INFO] IntegrityCheckThread:100 - exiting critical section [integrity check]
2024-04-30 16:21:24,077 [INFO] IntegrityCheckThread:103 - End integrity checks thread
2024-04-30 16:21:24,318 [INFO] WebApp:161 - Instantiating new browser for Auth
2024-04-30 16:21:24,847 [INFO] WebApp:779 - Register for checkConnection events
2024-04-30 16:21:24,847 [INFO] WebApp:414 - Apply proxy settings
2024-04-30 16:21:24,847 [INFO] WebApp:499 - Chromium requires no authentication
2024-04-30 16:21:24,850 [INFO] WebApp:442 - Direct internet connection detected
2024-04-30 16:21:24,931 [INFO] WebApp:192 - Starting web application
2024-04-30 16:21:24,931 [INFO] WebApp:544 - Web application path used D:\Electonic\STM32CubeIDE_1.13.2\STM32CubeIDE\plugins\com.st.stm32cube.common.mx_6.11.0.202403141607\db\plugins\mcufinder\reactClient1\index.html
2024-04-30 16:22:22,753 [ERROR] LogOutputStream:75 - [STDERR_REDIRECT] 
2024-04-30 16:22:22,755 [ERROR] LogOutputStream:75 - [STDERR_REDIRECT] 
